<?xml version="1.0" encoding="UTF-8"?>
<!-- Generated by org.testng.reporters.JUnitXMLReporter -->
<testsuite ignored="0" hostname="Vinay-PC" failures="0" tests="4" name="Default test" time="0.081" errors="0" timestamp="2021-09-17T11:42:20 PDT">
  <testcase classname="Testng.Test1" name="Name1" time="0.013"/>
  <testcase classname="Testng.Test1" name="Name2" time="0.002"/>
  <testcase classname="Testng.Test1" name="test" time="0.001"/>
  <testcase classname="Testng.Test1" name="test2" time="0.002"/>
</testsuite> <!-- Default test -->
