<?xml version="1.0" encoding="UTF-8"?>
<!-- Generated by org.testng.reporters.JUnitXMLReporter -->
<testsuite ignored="0" hostname="Vinay-PC" failures="0" tests="10" name="Test" time="0.107" errors="0" timestamp="2021-09-17T11:51:37 PDT">
  <testcase classname="Testng.test3" name="Application" time="0.007"/>
  <testcase classname="Testng.test3" name="Register" time="0.002"/>
  <testcase classname="Testng.test3" name="Submit1" time="0.003"/>
  <testcase classname="Testng.test3" name="Submit2" time="0.002"/>
  <testcase classname="Testng.Test1" name="Name1" time="0.001"/>
  <testcase classname="Testng.Test1" name="Name2" time="0.002"/>
  <testcase classname="Testng.Test1" name="test" time="0.002"/>
  <testcase classname="Testng.Test1" name="test2" time="0.001"/>
  <testcase classname="Testng.Test2" name="method1" time="0.001"/>
  <testcase classname="Testng.Test2" name="method2" time="0.002"/>
</testsuite> <!-- Test -->
